============================= test session starts =============================
platform win32 -- Python 3.13.4, pytest-8.3.3, pluggy-1.6.0 -- C:\Users\rajar\AppData\Local\Programs\Python\Python313\python.exe
cachedir: .pytest_cache
rootdir: C:\blackhole\text-risk-scoring-service
plugins: anyio-4.10.0, cov-5.0.0
collecting ... collected 14 items

tests/test_source_adapters.py::TestMarineAdapter::test_marine_environmental_hazard PASSED [  7%]
tests/test_source_adapters.py::TestMarineAdapter::test_marine_navigation_warning PASSED [ 14%]
tests/test_source_adapters.py::TestMarineAdapter::test_marine_weather_anomaly PASSED [ 21%]
tests/test_source_adapters.py::TestMarineAdapter::test_marine_unknown_signal PASSED [ 28%]
tests/test_source_adapters.py::TestAIAICAdapter::test_aiaic_biosphere_critical PASSED [ 35%]
tests/test_source_adapters.py::TestAIAICAdapter::test_aiaic_crop_failure_risk PASSED [ 42%]
tests/test_source_adapters.py::TestAIAICAdapter::test_aiaic_soil_anomaly PASSED [ 50%]
tests/test_source_adapters.py::TestAIAICAdapter::test_aiaic_unknown_signal PASSED [ 57%]
tests/test_source_adapters.py::TestC4SAdapter::test_c4s_geopolitical_escalation PASSED [ 64%]
tests/test_source_adapters.py::TestC4SAdapter::test_c4s_border_anomaly PASSED [ 71%]
tests/test_source_adapters.py::TestC4SAdapter::test_c4s_strategic_recommendation PASSED [ 78%]
tests/test_source_adapters.py::TestC4SAdapter::test_c4s_unknown_signal PASSED [ 85%]
tests/test_source_adapters.py::TestGateAggregation::test_aggregate_max_fail_high_routing PASSED [ 92%]
tests/test_source_adapters.py::TestGateAggregation::test_aggregate_unknown_source_fallback PASSED [100%]

============================= 14 passed in 0.16s ==============================
