============================= test session starts =============================
platform win32 -- Python 3.13.4, pytest-8.3.3, pluggy-1.6.0
rootdir: C:\blackhole\text-risk-scoring-service
plugins: anyio-4.10.0, cov-5.0.0
collected 395 items

tests\ambiguity_propagation_tests\test_ambiguity_discipline.py ...       [  0%]
tests\enforcement_abuse_tests\test_authority_misuse.py .....             [  2%]
tests\enforcement_abuse_tests\test_caching_misuse.py ......              [  3%]
tests\enforcement_abuse_tests\test_combination_misuse.py ......          [  5%]
tests\enforcement_abuse_tests\test_fail_closed.py .......                [  6%]
tests\enforcement_abuse_tests\test_repeatability_abuse.py .......        [  8%]
tests\forbidden_usage_tests\test_context_rejection.py ...                [  9%]
tests\forbidden_usage_tests\test_role_rejection.py .....                 [ 10%]
tests\integration\test_escalation_chains.py ...............              [ 14%]
tests\integration\test_field_injection.py ...............                [ 18%]
tests\integration\test_output_mutation.py ...........                    [ 21%]
tests\integration\test_role_escalation.py ............                   [ 24%]
tests\integration\test_schema_smuggling.py ..............                [ 27%]
tests\test_abuse_matrix.py ....                                          [ 28%]
tests\test_aggregation_replay.py .....                                   [ 29%]
tests\test_bucket_ledger.py .......                                      [ 31%]
tests\test_chaos_harness.py ....                                         [ 32%]
tests\test_conflicting_signals.py .......                                [ 34%]
tests\test_contract_enforcement.py .......................               [ 40%]
tests\test_contradictory_feedback.py .                                   [ 40%]
tests\test_core_execution_gate.py .........                              [ 42%]
tests\test_deterministic_signal_replay.py .......                        [ 44%]
tests\test_dgic_adapter.py ............................................  [ 55%]
tests\test_dgic_enforcement_bridge.py ......                             [ 57%]
tests\test_dgic_replay.py ..                                             [ 57%]
tests\test_dgic_snapshot_consumer.py ..........                          [ 60%]
tests\test_enforcement_boundary.py ....                                  [ 61%]
tests\test_enforcement_gate.py ...........................               [ 68%]
tests\test_enforcement_ledger.py ...                                     [ 68%]
tests\test_engine.py ...........                                         [ 71%]
tests\test_exhaustive_boundaries.py .................                    [ 75%]
tests\test_failure_escalation.py ....                                    [ 76%]
tests\test_insightbridge_rules.py ......                                 [ 78%]
tests\test_insightbridge_telemetry.py ....                               [ 79%]
tests\test_learning_history.py .                                         [ 79%]
tests\test_log_replay.py .                                               [ 80%]
tests\test_misuse.py ....                                                [ 81%]
tests\test_noisy_feedback.py .                                           [ 81%]
tests\test_policy_learning.py .                                          [ 81%]
tests\test_rate_limiting.py ..                                           [ 82%]
tests\test_repeatability.py ........                                     [ 84%]
tests\test_replay_verifier.py ..                                         [ 84%]
tests\test_resource_limits.py ...                                        [ 85%]
tests\test_resource_stress.py ...                                        [ 86%]
tests\test_signal_aggregation.py .........                               [ 88%]
tests\test_signal_aggregator.py ....                                     [ 89%]
tests\test_source_adapters.py ..............                             [ 92%]
tests\test_stress_limits.py .........................                    [ 99%]
tests\test_system_guarantees.py ...                                      [100%]

============================ 395 passed in 24.32s =============================
